#
# There is insufficient memory for the Java Runtime Environment to continue.
# Native memory allocation (malloc) failed to allocate 1048576 bytes for AllocateHeap
# Possible reasons:
#   The system is out of physical RAM or swap space
#   In 32 bit mode, the process size limit was hit
# Possible solutions:
#   Reduce memory load on the system
#   Increase physical memory or swap space
#   Check if swap backing store is full
#   Use 64 bit Java on a 64 bit OS
#   Decrease Java heap size (-Xmx/-Xms)
#   Decrease number of Java threads
#   Decrease Java thread stack sizes (-Xss)
#   Set larger code cache with -XX:ReservedCodeCacheSize=
# This output file may be truncated or incomplete.
#
#  Out of Memory Error (memory/allocation.inline.hpp:61), pid=3920, tid=0x0000000000003488
#
# JRE version:  (8.0_191-b12) (build )
# Java VM: Java HotSpot(TM) 64-Bit Server VM (25.191-b12 mixed mode windows-amd64 compressed oops)
# Failed to write core dump. Minidumps are not enabled by default on client versions of Windows
#

---------------  T H R E A D  ---------------

Current thread (0x0000000003151000):  JavaThread "Unknown thread" [_thread_in_vm, id=13448, stack(0x0000000003050000,0x0000000003150000)]

Stack: [0x0000000003050000,0x0000000003150000]
[error occurred during error reporting (printing stack bounds), id 0xc0000005]

Native frames: (J=compiled Java code, j=interpreted, Vv=VM code, C=native code)


---------------  P R O C E S S  ---------------

Java Threads: ( => current thread )

Other Threads:

=>0x0000000003151000 (exited) JavaThread "Unknown thread" [_thread_in_vm, id=13448, stack(0x0000000003050000,0x0000000003150000)]

VM state:not at safepoint (normal execution)

VM Mutex/Monitor currently owned by a thread: None

Heap:
 PSYoungGen      total 37888K, used 655K [0x00000000d6000000, 0x00000000d8a00000, 0x0000000100000000)
  eden space 32768K, 2% used [0x00000000d6000000,0x00000000d60a3d80,0x00000000d8000000)
  from space 5120K, 0% used [0x00000000d8500000,0x00000000d8500000,0x00000000d8a00000)
  to   space 5120K, 0% used [0x00000000d8000000,0x00000000d8000000,0x00000000d8500000)
 ParOldGen       total 86016K, used 0K [0x0000000082000000, 0x0000000087400000, 0x00000000d6000000)
  object space 86016K, 0% used [0x0000000082000000,0x0000000082000000,0x0000000087400000)
 Metaspace       used 775K, capacity 4480K, committed 4480K, reserved 1056768K
  class space    used 76K, capacity 384K, committed 384K, reserved 1048576K

Card table byte_map: [0x0000000012610000,0x0000000012a10000] byte_map_base: 0x0000000012200000

Marking Bits: (ParMarkBitMap*) 0x0000000059903e30
 Begin Bits: [0x00000000130b0000, 0x0000000015030000)
 End Bits:   [0x0000000015030000, 0x0000000016fb0000)

Polling page: 0x0000000002f20000

CodeCache: size=245760Kb used=328Kb max_used=328Kb free=245431Kb
 bounds [0x0000000003250000, 0x00000000034c0000, 0x0000000012250000]
 total_blobs=58 nmethods=0 adapters=38
 compilation: enabled

Compilation events (0 events):
No events

GC Heap History (0 events):
No events

Deoptimization events (0 events):
No events

Classes redefined (0 events):
No events

Internal exceptions (0 events):
No events

Events (10 events):
Event: 0.028 loading class java/lang/Short
Event: 0.028 loading class java/lang/Short done
Event: 0.028 loading class java/lang/Integer
Event: 0.028 loading class java/lang/Integer done
Event: 0.028 loading class java/lang/Long
Event: 0.028 loading class java/lang/Long done
Event: 0.029 loading class java/lang/NullPointerException
Event: 0.029 loading class java/lang/NullPointerException done
Event: 0.029 loading class java/lang/ArithmeticException
Event: 0.029 loading class java/lang/ArithmeticException done


Dynamic libraries:
0x00007ff66ab30000 - 0x00007ff66ab67000 	C:\Program Files\Java\jdk1.8.0_191\bin\java.exe
0x00007ffc93860000 - 0x00007ffc93a50000 	C:\WINDOWS\SYSTEM32\ntdll.dll
0x00007ffc92840000 - 0x00007ffc928f2000 	C:\WINDOWS\System32\KERNEL32.DLL
0x00007ffc90b70000 - 0x00007ffc90e13000 	C:\WINDOWS\System32\KERNELBASE.dll
0x00007ffc92d20000 - 0x00007ffc92dc3000 	C:\WINDOWS\System32\ADVAPI32.dll
0x00007ffc91a60000 - 0x00007ffc91afe000 	C:\WINDOWS\System32\msvcrt.dll
0x00007ffc93690000 - 0x00007ffc93727000 	C:\WINDOWS\System32\sechost.dll
0x00007ffc92970000 - 0x00007ffc92a90000 	C:\WINDOWS\System32\RPCRT4.dll
0x00007ffc92b80000 - 0x00007ffc92d14000 	C:\WINDOWS\System32\USER32.dll
0x00007ffc90ae0000 - 0x00007ffc90b01000 	C:\WINDOWS\System32\win32u.dll
0x00007ffc92670000 - 0x00007ffc92696000 	C:\WINDOWS\System32\GDI32.dll
0x00007ffc907f0000 - 0x00007ffc90984000 	C:\WINDOWS\System32\gdi32full.dll
0x00007ffc91820000 - 0x00007ffc918be000 	C:\WINDOWS\System32\msvcp_win.dll
0x00007ffc91720000 - 0x00007ffc9181a000 	C:\WINDOWS\System32\ucrtbase.dll
0x00007ffc814c0000 - 0x00007ffc81745000 	C:\WINDOWS\WinSxS\amd64_microsoft.windows.common-controls_6595b64144ccf1df_6.0.18362.592_none_e6c0b1911312be02\COMCTL32.dll
0x00007ffc91b00000 - 0x00007ffc91e36000 	C:\WINDOWS\System32\combase.dll
0x00007ffc90a60000 - 0x00007ffc90ae0000 	C:\WINDOWS\System32\bcryptPrimitives.dll
0x00007ffc937f0000 - 0x00007ffc9381e000 	C:\WINDOWS\System32\IMM32.DLL
0x0000000059000000 - 0x00000000590d2000 	C:\Program Files\Java\jdk1.8.0_191\jre\bin\msvcr100.dll
0x00000000590e0000 - 0x0000000059984000 	C:\Program Files\Java\jdk1.8.0_191\jre\bin\server\jvm.dll
0x00007ffc937e0000 - 0x00007ffc937e8000 	C:\WINDOWS\System32\PSAPI.DLL
0x00007ffc8df90000 - 0x00007ffc8dfb4000 	C:\WINDOWS\SYSTEM32\WINMM.dll
0x00007ffc7f6a0000 - 0x00007ffc7f6aa000 	C:\WINDOWS\SYSTEM32\VERSION.dll
0x00007ffc7dee0000 - 0x00007ffc7dee9000 	C:\WINDOWS\SYSTEM32\WSOCK32.dll
0x00007ffc92900000 - 0x00007ffc9296f000 	C:\WINDOWS\System32\WS2_32.dll
0x00007ffc8de80000 - 0x00007ffc8dead000 	C:\WINDOWS\SYSTEM32\winmmbase.dll
0x00007ffc918c0000 - 0x00007ffc9190a000 	C:\WINDOWS\System32\cfgmgr32.dll
0x0000000058fb0000 - 0x0000000058fbf000 	C:\Program Files\Java\jdk1.8.0_191\jre\bin\verify.dll
0x0000000058f80000 - 0x0000000058fa9000 	C:\Program Files\Java\jdk1.8.0_191\jre\bin\java.dll
0x0000000058f60000 - 0x0000000058f76000 	C:\Program Files\Java\jdk1.8.0_191\jre\bin\zip.dll

VM Arguments:
java_command: <unknown>
java_class_path (initial): .
Launcher Type: SUN_STANDARD

Environment Variables:
PATH=C:\Program Files (x86)\Common Files\Oracle\Java\javapath;C:\Program Files (x86)\Intel\Intel(R) Management Engine Components\iCLS\;C:\Program Files\Intel\Intel(R) Management Engine Components\iCLS\;C:\WINDOWS\system32;C:\WINDOWS;C:\WINDOWS\System32\Wbem;C:\WINDOWS\System32\WindowsPowerShell\v1.0\;C:\WINDOWS\System32\OpenSSH\;C:\Program Files (x86)\Intel\Intel(R) Management Engine Components\DAL;C:\Program Files\Intel\Intel(R) Management Engine Components\DAL;C:\Program Files (x86)\Intel\Intel(R) Management Engine Components\IPT;C:\Program Files\Intel\Intel(R) Management Engine Components\IPT;C:\Program Files\MySQL\MySQL Server 5.5\bin;C:\Users\WarSpite\AppData\Local\Microsoft\WindowsApps;
USERNAME=WarSpite
OS=Windows_NT
PROCESSOR_IDENTIFIER=Intel64 Family 6 Model 142 Stepping 9, GenuineIntel



---------------  S Y S T E M  ---------------

OS: Windows 10.0 , 64 bit Build 18362 (10.0.18362.329)

CPU:total 4 (initial active 4) (2 cores per cpu, 2 threads per core) family 6 model 142 stepping 9, cmov, cx8, fxsr, mmx, sse, sse2, sse3, ssse3, sse4.1, sse4.2, popcnt, avx, avx2, aes, clmul, erms, 3dnowpref, lzcnt, ht, tsc, tscinvbit, bmi1, bmi2, adx

Memory: 4k page, physical 8251156k(1672388k free), swap 33416980k(5156k free)

vm_info: Java HotSpot(TM) 64-Bit Server VM (25.191-b12) for windows-amd64 JRE (1.8.0_191-b12), built on Oct  6 2018 09:29:03 by "java_re" with MS VC++ 10.0 (VS2010)

time: Tue Feb 11 23:03:56 2020
elapsed time: 0 seconds (0d 0h 0m 0s)

